<?xml version="1.0" encoding="UTF-8"?>
<!-- Generated by org.testng.reporters.JUnitReportReporter -->
<testsuite hostname="admin-PC" name="namik.Namik" tests="1" failures="0" timestamp="2 Jul 2018 06:13:58 GMT" time="21.544" errors="0">
  <testcase name="display" time="21.544" classname="namik.Namik"/>
</testsuite> <!-- namik.Namik -->
